2015-02-14T10:30:12.595+0000 [initandlisten] MongoDB starting : pid=11558 port=27017 dbpath=/data/rs1 64-bit host=Jacobs-MacBook-Pro.local
2015-02-14T10:30:12.595+0000 [initandlisten] 
2015-02-14T10:30:12.596+0000 [initandlisten] ** WARNING: soft rlimits too low. Number of files is 256, should be at least 1000
2015-02-14T10:30:12.596+0000 [initandlisten] db version v2.6.5
2015-02-14T10:30:12.596+0000 [initandlisten] git version: e99d4fcb4279c0279796f237aa92fe3b64560bf6
2015-02-14T10:30:12.596+0000 [initandlisten] build info: Darwin bs-osx108-1 12.5.0 Darwin Kernel Version 12.5.0: Sun Sep 29 13:33:47 PDT 2013; root:xnu-2050.48.12~1/RELEASE_X86_64 x86_64 BOOST_LIB_VERSION=1_49
2015-02-14T10:30:12.597+0000 [initandlisten] allocator: system
2015-02-14T10:30:12.597+0000 [initandlisten] options: { net: { port: 27017 }, processManagement: { fork: true }, replication: { oplogSizeMB: 64, replSet: "m101" }, storage: { dbPath: "/data/rs1", smallFiles: true }, systemLog: { destination: "file", path: "1.log" } }
2015-02-14T10:30:12.606+0000 [initandlisten] journal dir=/data/rs1/journal
2015-02-14T10:30:12.606+0000 [initandlisten] recover : no journal files present, no recovery needed
2015-02-14T10:30:12.624+0000 [initandlisten] ERROR: listen(): bind() failed errno:48 Address already in use for socket: 0.0.0.0:27017
2015-02-14T10:30:12.625+0000 [initandlisten] ERROR:   addr already in use
2015-02-14T10:30:12.625+0000 [initandlisten] allocating new ns file /data/rs1/local.ns, filling with zeroes...
2015-02-14T10:30:12.705+0000 [FileAllocator] allocating new datafile /data/rs1/local.0, filling with zeroes...
2015-02-14T10:30:12.705+0000 [FileAllocator] creating directory /data/rs1/_tmp
2015-02-14T10:30:12.747+0000 [FileAllocator] done allocating datafile /data/rs1/local.0, size: 16MB,  took 0.04 secs
2015-02-14T10:30:12.789+0000 [initandlisten] build index on: local.startup_log properties: { v: 1, key: { _id: 1 }, name: "_id_", ns: "local.startup_log" }
2015-02-14T10:30:12.790+0000 [initandlisten] 	 added index to empty collection
2015-02-14T10:30:12.790+0000 [initandlisten] command local.$cmd command: create { create: "startup_log", size: 10485760, capped: true } ntoreturn:1 keyUpdates:0 numYields:0  reslen:37 165ms
2015-02-14T10:30:12.791+0000 [initandlisten] now exiting
2015-02-14T10:30:12.791+0000 [initandlisten] dbexit: 
2015-02-14T10:30:12.791+0000 [initandlisten] shutdown: going to close listening sockets...
2015-02-14T10:30:12.791+0000 [initandlisten] shutdown: going to flush diaglog...
2015-02-14T10:30:12.791+0000 [initandlisten] shutdown: going to close sockets...
2015-02-14T10:30:12.791+0000 [initandlisten] shutdown: waiting for fs preallocator...
2015-02-14T10:30:12.792+0000 [initandlisten] shutdown: lock for final commit...
2015-02-14T10:30:12.792+0000 [initandlisten] shutdown: final commit...
2015-02-14T10:30:12.796+0000 [initandlisten] shutdown: closing all files...
2015-02-14T10:30:12.797+0000 [initandlisten] closeAllFiles() finished
2015-02-14T10:30:12.797+0000 [initandlisten] journalCleanup...
2015-02-14T10:30:12.797+0000 [initandlisten] removeJournalFiles
2015-02-14T10:30:12.797+0000 [initandlisten] shutdown: removing fs lock...
2015-02-14T10:30:12.797+0000 [initandlisten] dbexit: really exiting now
